Using pre-set license
Built from '2020.2/staging' branch; Version is '2020.2.3f1 (8ff31bc5bf5b) revision 9433883'; Using compiler version '192528614'; Build Type 'Release'
OS: 'Windows 10 Home; OS build 19042.928; Version 2009; 64bit' Language: 'zh' Physical Memory: 8047 MB
BatchMode: 1, IsHumanControllingUs: 0, StartBugReporterOnCrash: 0, Is64bit: 1, IsPro: 0

 COMMAND LINE ARGUMENTS:
D:\Program Files\2020.2.3f1\Editor\Unity.exe
-adb2
-batchMode
-noUpm
-name
AssetImportWorker0
-projectPath
D:/GBC/Game Engine IV/GAME3033 Final Jam
-logFile
Logs/AssetImportWorker0.log
-srvPort
56682
Successfully changed project path to: D:/GBC/Game Engine IV/GAME3033 Final Jam
D:/GBC/Game Engine IV/GAME3033 Final Jam
Using Asset Import Pipeline V2.
Refreshing native plugins compatible for Editor in 25.10 ms, found 0 plugins.
Preloading 0 native plugins for Editor in 0.00 ms.
Initialize engine version: 2020.2.3f1 (8ff31bc5bf5b)
[Subsystems] Discovering subsystems at path D:/Program Files/2020.2.3f1/Editor/Data/Resources/UnitySubsystems
[Subsystems] Discovering subsystems at path D:/GBC/Game Engine IV/GAME3033 Final Jam/Assets
GfxDevice: creating device client; threaded=0
Direct3D:
    Version:  Direct3D 11.0 [level 11.1]
    Renderer: NVIDIA GeForce GTX 1050 (ID=0x1c8d)
    Vendor:   
    VRAM:     1979 MB
    Driver:   26.21.14.4587
Initialize mono
Mono path[0] = 'D:/Program Files/2020.2.3f1/Editor/Data/Managed'
Mono path[1] = 'D:/Program Files/2020.2.3f1/Editor/Data/MonoBleedingEdge/lib/mono/unityjit'
Mono config path = 'D:/Program Files/2020.2.3f1/Editor/Data/MonoBleedingEdge/etc'
Using monoOptions --debugger-agent=transport=dt_socket,embedding=1,server=y,suspend=n,address=127.0.0.1:56168
Begin MonoManager ReloadAssembly
Registering precompiled unity dll's ...
Register platform support module: D:/Program Files/2020.2.3f1/Editor/Data/PlaybackEngines/WebGLSupport/UnityEditor.WebGL.Extensions.dll
Register platform support module: D:/Program Files/2020.2.3f1/Editor/Data/PlaybackEngines/WindowsStandaloneSupport/UnityEditor.WindowsStandalone.Extensions.dll
Registered in 0.001165 seconds.
Native extension for WindowsStandalone target not found
Native extension for WebGL target not found
Refreshing native plugins compatible for Editor in 22.08 ms, found 0 plugins.
Preloading 0 native plugins for Editor in 0.00 ms.
Invoked RoslynAnalysisRunner static constructor.
RoslynAnalysisRunner will not be running.
RoslynAnalysisRunner has terminated.
Mono: successfully reloaded assembly
- Completed reload, in  1.457 seconds
Platform modules already initialized, skipping
Registering precompiled user dll's ...
Registered in 0.000459 seconds.
Begin MonoManager ReloadAssembly
Native extension for WindowsStandalone target not found
Native extension for WebGL target not found
Refreshing native plugins compatible for Editor in 0.20 ms, found 0 plugins.
Preloading 0 native plugins for Editor in 0.00 ms.
Invoked RoslynAnalysisRunner static constructor.
RoslynAnalysisRunner will not be running.
RoslynAnalysisRunner has terminated.
Mono: successfully reloaded assembly
- Completed reload, in  0.740 seconds
Platform modules already initialized, skipping
========================================================================
Worker process is ready to serve import requests
Launched and connected shader compiler UnityShaderCompiler.exe after 0.05 seconds
Refreshing native plugins compatible for Editor in 0.39 ms, found 0 plugins.
Preloading 0 native plugins for Editor in 0.00 ms.
Unloading 1111 Unused Serialized files (Serialized files now loaded: 0)
System memory in use before: 63.2 MB.
System memory in use after: 63.2 MB.

Unloading 10 unused Assets to reduce memory usage. Loaded Objects now: 1560.
Total: 2.497100 ms (FindLiveObjects: 0.273300 ms CreateObjectMapping: 0.122900 ms MarkObjects: 1.979100 ms  DeleteObjects: 0.119800 ms)

========================================================================
Received Import Request.
  path: Assets/M_Scene/GameScene.unity
  artifactKey: Guid(9fc0d4010bbf28b4594072e72b8655ab) Importer(815301076,1909f56bfc062723c751e8b465ee728b)
Start importing Assets/M_Scene/GameScene.unity using Guid(9fc0d4010bbf28b4594072e72b8655ab) Importer(815301076,1909f56bfc062723c751e8b465ee728b)  -> (artifact id: 'ddeb786c5d06d7e5215bfb8e5b22e575') in 0.017471 seconds
  Import took 0.020594 seconds .

========================================================================
Received Prepare
Registering precompiled user dll's ...
Registered in 0.000630 seconds.
Begin MonoManager ReloadAssembly
Native extension for WindowsStandalone target not found
Native extension for WebGL target not found
Refreshing native plugins compatible for Editor in 0.24 ms, found 0 plugins.
Preloading 0 native plugins for Editor in 0.00 ms.
Invoked RoslynAnalysisRunner static constructor.
RoslynAnalysisRunner will not be running.
RoslynAnalysisRunner has terminated.
Mono: successfully reloaded assembly
- Completed reload, in  0.826 seconds
Platform modules already initialized, skipping
Refreshing native plugins compatible for Editor in 0.45 ms, found 0 plugins.
Preloading 0 native plugins for Editor in 0.00 ms.
Unloading 1106 Unused Serialized files (Serialized files now loaded: 0)
System memory in use before: 63.1 MB.
System memory in use after: 63.2 MB.

Unloading 5 unused Assets to reduce memory usage. Loaded Objects now: 1562.
Total: 1.924300 ms (FindLiveObjects: 0.189900 ms CreateObjectMapping: 0.050500 ms MarkObjects: 1.622500 ms  DeleteObjects: 0.059800 ms)

========================================================================
Received Prepare
Registering precompiled user dll's ...
Registered in 0.000399 seconds.
Begin MonoManager ReloadAssembly
Native extension for WindowsStandalone target not found
Native extension for WebGL target not found
Refreshing native plugins compatible for Editor in 0.21 ms, found 0 plugins.
Preloading 0 native plugins for Editor in 0.00 ms.
Invoked RoslynAnalysisRunner static constructor.
RoslynAnalysisRunner will not be running.
RoslynAnalysisRunner has terminated.
Mono: successfully reloaded assembly
- Completed reload, in  0.800 seconds
Platform modules already initialized, skipping
Refreshing native plugins compatible for Editor in 0.22 ms, found 0 plugins.
Preloading 0 native plugins for Editor in 0.00 ms.
Unloading 1106 Unused Serialized files (Serialized files now loaded: 0)
System memory in use before: 63.2 MB.
System memory in use after: 63.2 MB.

Unloading 5 unused Assets to reduce memory usage. Loaded Objects now: 1564.
Total: 1.873400 ms (FindLiveObjects: 0.137600 ms CreateObjectMapping: 0.037200 ms MarkObjects: 1.636600 ms  DeleteObjects: 0.060600 ms)

========================================================================
Received Import Request.
  Time since last request: 212.983192 seconds.
  path: Assets/KY_effects/MagicEffectsPackFree/prefab/ErekiBall2.prefab
  artifactKey: Guid(200e650fba6c8492b87e96e4bc273510) Importer(815301076,1909f56bfc062723c751e8b465ee728b)
Start importing Assets/KY_effects/MagicEffectsPackFree/prefab/ErekiBall2.prefab using Guid(200e650fba6c8492b87e96e4bc273510) Importer(815301076,1909f56bfc062723c751e8b465ee728b)  -> (artifact id: 'eabab8e033c1ebdd4bf19801bf4a5cc1') in 0.094996 seconds
  Import took 0.116572 seconds .

========================================================================
Received Import Request.
  Time since last request: 13.516426 seconds.
  path: Assets/KY_effects/MagicEffectsPackFree/prefab/ErekiBall2.prefab
  artifactKey: Guid(200e650fba6c8492b87e96e4bc273510) Importer(815301076,1909f56bfc062723c751e8b465ee728b)
Start importing Assets/KY_effects/MagicEffectsPackFree/prefab/ErekiBall2.prefab using Guid(200e650fba6c8492b87e96e4bc273510) Importer(815301076,1909f56bfc062723c751e8b465ee728b)  -> (artifact id: '6593936337b96b1891f809dfa70d4584') in 0.004556 seconds
  Import took 0.045159 seconds .

========================================================================
Received Import Request.
  Time since last request: 0.025474 seconds.
  path: Assets/KY_effects/MagicEffectsPackFree/prefab/ErekiBall2.prefab
  artifactKey: Guid(200e650fba6c8492b87e96e4bc273510) Importer(815301076,1909f56bfc062723c751e8b465ee728b)
Start importing Assets/KY_effects/MagicEffectsPackFree/prefab/ErekiBall2.prefab using Guid(200e650fba6c8492b87e96e4bc273510) Importer(815301076,1909f56bfc062723c751e8b465ee728b)  -> (artifact id: '6593936337b96b1891f809dfa70d4584') in 0.007935 seconds
  Import took 0.013401 seconds .

========================================================================
Received Import Request.
  Time since last request: 5.049395 seconds.
  path: Assets/KY_effects/MagicEffectsPackFree/prefab/ErekiBall2.prefab
  artifactKey: Guid(200e650fba6c8492b87e96e4bc273510) Importer(815301076,1909f56bfc062723c751e8b465ee728b)
Start importing Assets/KY_effects/MagicEffectsPackFree/prefab/ErekiBall2.prefab using Guid(200e650fba6c8492b87e96e4bc273510) Importer(815301076,1909f56bfc062723c751e8b465ee728b)  -> (artifact id: '62006d7230ee36d552de7f8bebc67c7c') in 0.005142 seconds
  Import took 0.024993 seconds .

========================================================================
Received Prepare
Registering precompiled user dll's ...
Registered in 0.000563 seconds.
Begin MonoManager ReloadAssembly
Native extension for WindowsStandalone target not found
Native extension for WebGL target not found
Refreshing native plugins compatible for Editor in 0.31 ms, found 0 plugins.
Preloading 0 native plugins for Editor in 0.00 ms.
Invoked RoslynAnalysisRunner static constructor.
RoslynAnalysisRunner will not be running.
RoslynAnalysisRunner has terminated.
Mono: successfully reloaded assembly
- Completed reload, in  1.084 seconds
Platform modules already initialized, skipping
Refreshing native plugins compatible for Editor in 0.24 ms, found 0 plugins.
Preloading 0 native plugins for Editor in 0.00 ms.
Unloading 1106 Unused Serialized files (Serialized files now loaded: 0)
System memory in use before: 63.2 MB.
System memory in use after: 63.3 MB.

Unloading 5 unused Assets to reduce memory usage. Loaded Objects now: 1566.
Total: 2.378500 ms (FindLiveObjects: 0.177600 ms CreateObjectMapping: 0.061700 ms MarkObjects: 2.085800 ms  DeleteObjects: 0.052100 ms)

========================================================================
Received Import Request.
  Time since last request: 6.720519 seconds.
  path: Assets/KY_effects/MagicEffectsPackFree/prefab/ErekiBall2.prefab
  artifactKey: Guid(200e650fba6c8492b87e96e4bc273510) Importer(815301076,1909f56bfc062723c751e8b465ee728b)
Start importing Assets/KY_effects/MagicEffectsPackFree/prefab/ErekiBall2.prefab using Guid(200e650fba6c8492b87e96e4bc273510) Importer(815301076,1909f56bfc062723c751e8b465ee728b)  -> (artifact id: '3404581bc3747d3beb31cbe81ec539fd') in 0.039092 seconds
  Import took 0.070635 seconds .

========================================================================
Received Import Request.
  Time since last request: 21.723291 seconds.
  path: Assets/KY_effects/MagicEffectsPackFree/prefab/ErekiBall2.prefab
  artifactKey: Guid(200e650fba6c8492b87e96e4bc273510) Importer(815301076,1909f56bfc062723c751e8b465ee728b)
Start importing Assets/KY_effects/MagicEffectsPackFree/prefab/ErekiBall2.prefab using Guid(200e650fba6c8492b87e96e4bc273510) Importer(815301076,1909f56bfc062723c751e8b465ee728b)  -> (artifact id: 'f0f490e2318147fed4a6201429c8d3d3') in 0.005256 seconds
  Import took 0.041429 seconds .

========================================================================
Received Import Request.
  Time since last request: 0.012938 seconds.
  path: Assets/KY_effects/MagicEffectsPackFree/prefab/ErekiBall2.prefab
  artifactKey: Guid(200e650fba6c8492b87e96e4bc273510) Importer(815301076,1909f56bfc062723c751e8b465ee728b)
Start importing Assets/KY_effects/MagicEffectsPackFree/prefab/ErekiBall2.prefab using Guid(200e650fba6c8492b87e96e4bc273510) Importer(815301076,1909f56bfc062723c751e8b465ee728b)  -> (artifact id: 'f0f490e2318147fed4a6201429c8d3d3') in 0.006948 seconds
  Import took 0.009557 seconds .

========================================================================
Received Prepare
Registering precompiled user dll's ...
Registered in 0.000757 seconds.
Begin MonoManager ReloadAssembly
Native extension for WindowsStandalone target not found
Native extension for WebGL target not found
Refreshing native plugins compatible for Editor in 0.23 ms, found 0 plugins.
Preloading 0 native plugins for Editor in 0.00 ms.
Invoked RoslynAnalysisRunner static constructor.
RoslynAnalysisRunner will not be running.
RoslynAnalysisRunner has terminated.
Mono: successfully reloaded assembly
- Completed reload, in  0.983 seconds
Platform modules already initialized, skipping
Refreshing native plugins compatible for Editor in 0.26 ms, found 0 plugins.
Preloading 0 native plugins for Editor in 0.00 ms.
Unloading 1106 Unused Serialized files (Serialized files now loaded: 0)
System memory in use before: 63.2 MB.
System memory in use after: 63.3 MB.

Unloading 5 unused Assets to reduce memory usage. Loaded Objects now: 1568.
Total: 2.989800 ms (FindLiveObjects: 0.503500 ms CreateObjectMapping: 0.205800 ms MarkObjects: 2.212600 ms  DeleteObjects: 0.066300 ms)

========================================================================
Received Import Request.
  Time since last request: 7.907280 seconds.
  path: Assets/KY_effects/MagicEffectsPackFree/prefab/ErekiBall2.prefab
  artifactKey: Guid(200e650fba6c8492b87e96e4bc273510) Importer(815301076,1909f56bfc062723c751e8b465ee728b)
Start importing Assets/KY_effects/MagicEffectsPackFree/prefab/ErekiBall2.prefab using Guid(200e650fba6c8492b87e96e4bc273510) Importer(815301076,1909f56bfc062723c751e8b465ee728b)  -> (artifact id: '5952f3e41ad13e3e8449db420f10ef60') in 0.038553 seconds
  Import took 0.133282 seconds .

========================================================================
Received Prepare
Refreshing native plugins compatible for Editor in 1.06 ms, found 0 plugins.
Preloading 0 native plugins for Editor in 0.00 ms.
Unloading 3 Unused Serialized files (Serialized files now loaded: 0)
System memory in use before: 41.5 MB.
System memory in use after: 41.6 MB.

Unloading 3 unused Assets to reduce memory usage. Loaded Objects now: 1568.
Total: 4.752400 ms (FindLiveObjects: 0.185900 ms CreateObjectMapping: 0.046800 ms MarkObjects: 4.441100 ms  DeleteObjects: 0.076400 ms)

========================================================================
Received Prepare
Registering precompiled user dll's ...
Registered in 0.000488 seconds.
Begin MonoManager ReloadAssembly
Native extension for WindowsStandalone target not found
Native extension for WebGL target not found
Refreshing native plugins compatible for Editor in 0.21 ms, found 0 plugins.
Preloading 0 native plugins for Editor in 0.00 ms.
Invoked RoslynAnalysisRunner static constructor.
RoslynAnalysisRunner will not be running.
RoslynAnalysisRunner has terminated.
Mono: successfully reloaded assembly
- Completed reload, in  0.692 seconds
Platform modules already initialized, skipping
Refreshing native plugins compatible for Editor in 0.24 ms, found 0 plugins.
Preloading 0 native plugins for Editor in 0.00 ms.
Unloading 1106 Unused Serialized files (Serialized files now loaded: 0)
System memory in use before: 63.2 MB.
System memory in use after: 63.3 MB.

Unloading 5 unused Assets to reduce memory usage. Loaded Objects now: 1570.
Total: 2.089500 ms (FindLiveObjects: 0.143200 ms CreateObjectMapping: 0.044400 ms MarkObjects: 1.815700 ms  DeleteObjects: 0.085200 ms)

========================================================================
Received Prepare
Refreshing native plugins compatible for Editor in 0.73 ms, found 0 plugins.
Preloading 0 native plugins for Editor in 0.00 ms.
Unloading 3 Unused Serialized files (Serialized files now loaded: 0)
System memory in use before: 41.4 MB.
System memory in use after: 41.4 MB.

Unloading 3 unused Assets to reduce memory usage. Loaded Objects now: 1570.
Total: 3.076800 ms (FindLiveObjects: 0.227700 ms CreateObjectMapping: 0.070900 ms MarkObjects: 2.672000 ms  DeleteObjects: 0.104500 ms)

========================================================================
Received Prepare
Refreshing native plugins compatible for Editor in 0.66 ms, found 0 plugins.
Preloading 0 native plugins for Editor in 0.00 ms.
Unloading 3 Unused Serialized files (Serialized files now loaded: 0)
System memory in use before: 41.4 MB.
System memory in use after: 41.4 MB.

Unloading 3 unused Assets to reduce memory usage. Loaded Objects now: 1570.
Total: 1.873300 ms (FindLiveObjects: 0.175300 ms CreateObjectMapping: 0.044600 ms MarkObjects: 1.592900 ms  DeleteObjects: 0.058600 ms)

AssetImportWorkerClient::OnTransportError - code=2 error=End of file
